[debug] [2021-08-02T12:38:24.644Z] ----------------------------------------------------------------------
[debug] [2021-08-02T12:38:24.646Z] Command:       C:\Program Files\nodejs\node.exe C:\Users\Dewulf\AppData\Roaming\npm\node_modules\firebase-tools\lib\bin\firebase.js init
[debug] [2021-08-02T12:38:24.646Z] CLI Version:   9.5.0
[debug] [2021-08-02T12:38:24.646Z] Platform:      win32
[debug] [2021-08-02T12:38:24.647Z] Node Version:  v14.15.1
[debug] [2021-08-02T12:38:24.647Z] Time:          Mon Aug 02 2021 14:38:24 GMT+0200 (hora de verano de Europa central)
[debug] [2021-08-02T12:38:24.648Z] ----------------------------------------------------------------------
[debug] [2021-08-02T12:38:24.648Z] 
[debug] [2021-08-02T12:38:24.650Z] >>> [apiv2][query] GET https://firebase-public.firebaseio.com/cli.json [none]
[debug] [2021-08-02T12:38:24.673Z] > command requires scopes: ["email","openid","https://www.googleapis.com/auth/cloudplatformprojects.readonly","https://www.googleapis.com/auth/firebase","https://www.googleapis.com/auth/cloud-platform"]
[debug] [2021-08-02T12:38:24.673Z] > authorizing via signed-in user
[info] 
     ######## #### ########  ######## ########     ###     ######  ########
     ##        ##  ##     ## ##       ##     ##  ##   ##  ##       ##
     ######    ##  ########  ######   ########  #########  ######  ######
     ##        ##  ##    ##  ##       ##     ## ##     ##       ## ##
     ##       #### ##     ## ######## ########  ##     ##  ######  ########

You're about to initialize a Firebase project in this directory:

  C:\Users\Dewulf\Desktop\nuevaApp\tundra

[debug] [2021-08-02T12:38:25.171Z] <<< [apiv2][status] GET https://firebase-public.firebaseio.com/cli.json 200
[debug] [2021-08-02T12:38:25.171Z] <<< [apiv2][body] GET https://firebase-public.firebaseio.com/cli.json {"cloudBuildErrorAfter":1594252800000,"cloudBuildWarnAfter":1590019200000,"defaultNode10After":1594252800000,"minVersion":"3.0.5","node8DeploysDisabledAfter":1613390400000,"node8RuntimeDisabledAfter":1615809600000,"node8WarnAfter":1600128000000}
